# JRE version: OpenJDK Runtime Environment Temurin-21.0.8+9 (21.0.8+9) (build 21.0.8+9-LTS)
# Java VM: OpenJDK 64-Bit Server VM Temurin-21.0.8+9 (21.0.8+9-LTS, mixed mode, sharing, tiered, compressed oops, compressed class ptrs, parallel gc, windows-amd64)
GC Precious Log:
 CardTable entry size: 512
 CPUs: 8 total, 8 available
 Memory: 7569M
 Large Page Support: Disabled
 NUMA Support: Disabled
 Compressed Oops: Enabled (32-bit)
 Alignments: Space 512K, Generation 512K, Heap 2M
 Heap Min Capacity: 100M
 Heap Initial Capacity: 100M
 Heap Max Capacity: 2G
 Pre-touch: Disabled
 Parallel Workers: 8
Heap:
 PSYoungGen      total 4096K, used 1153K [0x00000000d5580000, 0x00000000d5b00000, 0x0000000100000000)
  eden space 3584K, 18% used [0x00000000d5580000,0x00000000d5624be8,0x00000000d5900000)
  from space 512K, 96% used [0x00000000d5a80000,0x00000000d5afb938,0x00000000d5b00000)
  to   space 512K, 0% used [0x00000000d5a00000,0x00000000d5a00000,0x00000000d5a80000)
 ParOldGen       total 637952K, used 80079K [0x0000000080000000, 0x00000000a6f00000, 0x00000000d5580000)
  object space 637952K, 12% used [0x0000000080000000,0x0000000084e33f58,0x00000000a6f00000)
 Metaspace       used 78489K, committed 80192K, reserved 1179648K
  class space    used 7911K, committed 8768K, reserved 1048576K
GC Heap History (20 events):
Event: 46622.278 GC heap before
{Heap before GC invocations=869 (full 5):
 PSYoungGen      total 4608K, used 4489K [0x00000000d5580000, 0x00000000d5a80000, 0x0000000100000000)
  eden space 4096K, 100% used [0x00000000d5580000,0x00000000d5980000,0x00000000d5980000)
  from space 512K, 76% used [0x00000000d5a00000,0x00000000d5a624f0,0x00000000d5a80000)
  to   space 512K, 0% used [0x00000000d5980000,0x00000000d5980000,0x00000000d5a00000)
 ParOldGen       total 637952K, used 72864K [0x0000000080000000, 0x00000000a6f00000, 0x00000000d5580000)
  object space 637952K, 11% used [0x0000000080000000,0x0000000084728198,0x00000000a6f00000)
 Metaspace       used 78469K, committed 80192K, reserved 1179648K
  class space    used 7909K, committed 8768K, reserved 1048576K
}
Event: 46622.281 GC heap after
{Heap after GC invocations=869 (full 5):
 PSYoungGen      total 4608K, used 192K [0x00000000d5580000, 0x00000000d5a80000, 0x0000000100000000)
  eden space 4096K, 0% used [0x00000000d5580000,0x00000000d5580000,0x00000000d5980000)
  from space 512K, 37% used [0x00000000d5980000,0x00000000d59b0000,0x00000000d5a00000)
  to   space 512K, 0% used [0x00000000d5a00000,0x00000000d5a00000,0x00000000d5a80000)
 ParOldGen       total 637952K, used 73098K [0x0000000080000000, 0x00000000a6f00000, 0x00000000d5580000)
  object space 637952K, 11% used [0x0000000080000000,0x00000000847629f0,0x00000000a6f00000)
 Metaspace       used 78469K, committed 80192K, reserved 1179648K
  class space    used 7909K, committed 8768K, reserved 1048576K
}
Event: 46622.500 GC heap before
{Heap before GC invocations=870 (full 5):
 PSYoungGen      total 4608K, used 4288K [0x00000000d5580000, 0x00000000d5a80000, 0x0000000100000000)
  eden space 4096K, 100% used [0x00000000d5580000,0x00000000d5980000,0x00000000d5980000)
  from space 512K, 37% used [0x00000000d5980000,0x00000000d59b0000,0x00000000d5a00000)
  to   space 512K, 0% used [0x00000000d5a00000,0x00000000d5a00000,0x00000000d5a80000)
 ParOldGen       total 637952K, used 73098K [0x0000000080000000, 0x00000000a6f00000, 0x00000000d5580000)
  object space 637952K, 11% used [0x0000000080000000,0x00000000847629f0,0x00000000a6f00000)
 Metaspace       used 78469K, committed 80192K, reserved 1179648K
  class space    used 7909K, committed 8768K, reserved 1048576K
}
Event: 46622.506 GC heap after
{Heap after GC invocations=870 (full 5):
 PSYoungGen      total 4096K, used 512K [0x00000000d5580000, 0x00000000d5b80000, 0x0000000100000000)
  eden space 3584K, 0% used [0x00000000d5580000,0x00000000d5580000,0x00000000d5900000)
  from space 512K, 100% used [0x00000000d5a00000,0x00000000d5a80000,0x00000000d5a80000)
  to   space 1024K, 0% used [0x00000000d5900000,0x00000000d5900000,0x00000000d5a00000)
 ParOldGen       total 637952K, used 73346K [0x0000000080000000, 0x00000000a6f00000, 0x00000000d5580000)
  object space 637952K, 11% used [0x0000000080000000,0x00000000847a0a00,0x00000000a6f00000)
 Metaspace       used 78469K, committed 80192K, reserved 1179648K
  class space    used 7909K, committed 8768K, reserved 1048576K
}
Event: 46622.942 GC heap before
{Heap before GC invocations=871 (full 5):
 PSYoungGen      total 4096K, used 4096K [0x00000000d5580000, 0x00000000d5b80000, 0x0000000100000000)
  eden space 3584K, 100% used [0x00000000d5580000,0x00000000d5900000,0x00000000d5900000)
  from space 512K, 100% used [0x00000000d5a00000,0x00000000d5a80000,0x00000000d5a80000)
  to   space 1024K, 0% used [0x00000000d5900000,0x00000000d5900000,0x00000000d5a00000)
 ParOldGen       total 637952K, used 73346K [0x0000000080000000, 0x00000000a6f00000, 0x00000000d5580000)
  object space 637952K, 11% used [0x0000000080000000,0x00000000847a0a00,0x00000000a6f00000)
 Metaspace       used 78469K, committed 80192K, reserved 1179648K
  class space    used 7909K, committed 8768K, reserved 1048576K
}
Event: 46622.948 GC heap after
{Heap after GC invocations=871 (full 5):
 PSYoungGen      total 4608K, used 1024K [0x00000000d5580000, 0x00000000d5d00000, 0x0000000100000000)
  eden space 3584K, 0% used [0x00000000d5580000,0x00000000d5580000,0x00000000d5900000)
  from space 1024K, 100% used [0x00000000d5900000,0x00000000d5a00000,0x00000000d5a00000)
  to   space 2048K, 0% used [0x00000000d5b00000,0x00000000d5b00000,0x00000000d5d00000)
 ParOldGen       total 637952K, used 73834K [0x0000000080000000, 0x00000000a6f00000, 0x00000000d5580000)
  object space 637952K, 11% used [0x0000000080000000,0x000000008481aa10,0x00000000a6f00000)
 Metaspace       used 78469K, committed 80192K, reserved 1179648K
  class space    used 7909K, committed 8768K, reserved 1048576K
}
Event: 46623.258 GC heap before
{Heap before GC invocations=872 (full 5):
 PSYoungGen      total 4608K, used 4608K [0x00000000d5580000, 0x00000000d5d00000, 0x0000000100000000)
  eden space 3584K, 100% used [0x00000000d5580000,0x00000000d5900000,0x00000000d5900000)
  from space 1024K, 100% used [0x00000000d5900000,0x00000000d5a00000,0x00000000d5a00000)
  to   space 2048K, 0% used [0x00000000d5b00000,0x00000000d5b00000,0x00000000d5d00000)
 ParOldGen       total 637952K, used 73834K [0x0000000080000000, 0x00000000a6f00000, 0x00000000d5580000)
  object space 637952K, 11% used [0x0000000080000000,0x000000008481aa10,0x00000000a6f00000)
 Metaspace       used 78469K, committed 80192K, reserved 1179648K
  class space    used 7909K, committed 8768K, reserved 1048576K
}
Event: 46623.282 GC heap after
{Heap after GC invocations=872 (full 5):
 PSYoungGen      total 4608K, used 992K [0x00000000d5580000, 0x00000000d5c00000, 0x0000000100000000)
  eden space 3584K, 0% used [0x00000000d5580000,0x00000000d5580000,0x00000000d5900000)
  from space 1024K, 96% used [0x00000000d5b00000,0x00000000d5bf8000,0x00000000d5c00000)
  to   space 1536K, 0% used [0x00000000d5900000,0x00000000d5900000,0x00000000d5a80000)
 ParOldGen       total 637952K, used 74773K [0x0000000080000000, 0x00000000a6f00000, 0x00000000d5580000)
  object space 637952K, 11% used [0x0000000080000000,0x0000000084905790,0x00000000a6f00000)
 Metaspace       used 78469K, committed 80192K, reserved 1179648K
  class space    used 7909K, committed 8768K, reserved 1048576K
}
Event: 46624.219 GC heap before
{Heap before GC invocations=873 (full 5):
 PSYoungGen      total 4608K, used 3887K [0x00000000d5580000, 0x00000000d5c00000, 0x0000000100000000)
  eden space 3584K, 80% used [0x00000000d5580000,0x00000000d5853ca8,0x00000000d5900000)
  from space 1024K, 96% used [0x00000000d5b00000,0x00000000d5bf8000,0x00000000d5c00000)
  to   space 1536K, 0% used [0x00000000d5900000,0x00000000d5900000,0x00000000d5a80000)
 ParOldGen       total 637952K, used 74773K [0x0000000080000000, 0x00000000a6f00000, 0x00000000d5580000)
  object space 637952K, 11% used [0x0000000080000000,0x0000000084905790,0x00000000a6f00000)
 Metaspace       used 78485K, committed 80192K, reserved 1179648K
  class space    used 7911K, committed 8768K, reserved 1048576K
}
Event: 46624.228 GC heap after
{Heap after GC invocations=873 (full 5):
 PSYoungGen      total 5120K, used 896K [0x00000000d5580000, 0x00000000d5b80000, 0x0000000100000000)
  eden space 3584K, 0% used [0x00000000d5580000,0x00000000d5580000,0x00000000d5900000)
  from space 1536K, 58% used [0x00000000d5900000,0x00000000d59e0000,0x00000000d5a80000)
  to   space 1024K, 0% used [0x00000000d5a80000,0x00000000d5a80000,0x00000000d5b80000)
 ParOldGen       total 637952K, used 75668K [0x0000000080000000, 0x00000000a6f00000, 0x00000000d5580000)
  object space 637952K, 11% used [0x0000000080000000,0x00000000849e5138,0x00000000a6f00000)
 Metaspace       used 78485K, committed 80192K, reserved 1179648K
  class space    used 7911K, committed 8768K, reserved 1048576K
}
Event: 46624.358 GC heap before
{Heap before GC invocations=874 (full 5):
 PSYoungGen      total 5120K, used 4480K [0x00000000d5580000, 0x00000000d5b80000, 0x0000000100000000)
  eden space 3584K, 100% used [0x00000000d5580000,0x00000000d5900000,0x00000000d5900000)
  from space 1536K, 58% used [0x00000000d5900000,0x00000000d59e0000,0x00000000d5a80000)
  to   space 1024K, 0% used [0x00000000d5a80000,0x00000000d5a80000,0x00000000d5b80000)
 ParOldGen       total 637952K, used 75668K [0x0000000080000000, 0x00000000a6f00000, 0x00000000d5580000)
  object space 637952K, 11% used [0x0000000080000000,0x00000000849e5138,0x00000000a6f00000)
 Metaspace       used 78485K, committed 80192K, reserved 1179648K
  class space    used 7911K, committed 8768K, reserved 1048576K
}
Event: 46624.365 GC heap after
{Heap after GC invocations=874 (full 5):
 PSYoungGen      total 4608K, used 711K [0x00000000d5580000, 0x00000000d5b80000, 0x0000000100000000)
  eden space 3584K, 0% used [0x00000000d5580000,0x00000000d5580000,0x00000000d5900000)
  from space 1024K, 69% used [0x00000000d5a80000,0x00000000d5b31f10,0x00000000d5b80000)
  to   space 1024K, 0% used [0x00000000d5980000,0x00000000d5980000,0x00000000d5a80000)
 ParOldGen       total 637952K, used 76431K [0x0000000080000000, 0x00000000a6f00000, 0x00000000d5580000)
  object space 637952K, 11% used [0x0000000080000000,0x0000000084aa3fd8,0x00000000a6f00000)
 Metaspace       used 78485K, committed 80192K, reserved 1179648K
  class space    used 7911K, committed 8768K, reserved 1048576K
}
Event: 46624.387 GC heap before
{Heap before GC invocations=875 (full 5):
 PSYoungGen      total 4608K, used 2917K [0x00000000d5580000, 0x00000000d5b80000, 0x0000000100000000)
  eden space 3584K, 61% used [0x00000000d5580000,0x00000000d57a7888,0x00000000d5900000)
  from space 1024K, 69% used [0x00000000d5a80000,0x00000000d5b31f10,0x00000000d5b80000)
  to   space 1024K, 0% used [0x00000000d5980000,0x00000000d5980000,0x00000000d5a80000)
 ParOldGen       total 637952K, used 76431K [0x0000000080000000, 0x00000000a6f00000, 0x00000000d5580000)
  object space 637952K, 11% used [0x0000000080000000,0x0000000084aa3fd8,0x00000000a6f00000)
 Metaspace       used 78486K, committed 80192K, reserved 1179648K
  class space    used 7911K, committed 8768K, reserved 1048576K
}
Event: 46624.392 GC heap after
{Heap after GC invocations=875 (full 5):
 PSYoungGen      total 4608K, used 308K [0x00000000d5580000, 0x00000000d5b00000, 0x0000000100000000)
  eden space 3584K, 0% used [0x00000000d5580000,0x00000000d5580000,0x00000000d5900000)
  from space 1024K, 30% used [0x00000000d5980000,0x00000000d59cd388,0x00000000d5a80000)
  to   space 512K, 0% used [0x00000000d5a80000,0x00000000d5a80000,0x00000000d5b00000)
 ParOldGen       total 637952K, used 77007K [0x0000000080000000, 0x00000000a6f00000, 0x00000000d5580000)
  object space 637952K, 12% used [0x0000000080000000,0x0000000084b33ee8,0x00000000a6f00000)
 Metaspace       used 78486K, committed 80192K, reserved 1179648K
  class space    used 7911K, committed 8768K, reserved 1048576K
}
Event: 46624.445 GC heap before
{Heap before GC invocations=876 (full 5):
 PSYoungGen      total 4608K, used 2836K [0x00000000d5580000, 0x00000000d5b00000, 0x0000000100000000)
  eden space 3584K, 70% used [0x00000000d5580000,0x00000000d57f7dd0,0x00000000d5900000)
  from space 1024K, 30% used [0x00000000d5980000,0x00000000d59cd388,0x00000000d5a80000)
  to   space 512K, 0% used [0x00000000d5a80000,0x00000000d5a80000,0x00000000d5b00000)
 ParOldGen       total 637952K, used 77007K [0x0000000080000000, 0x00000000a6f00000, 0x00000000d5580000)
  object space 637952K, 12% used [0x0000000080000000,0x0000000084b33ee8,0x00000000a6f00000)
 Metaspace       used 78486K, committed 80192K, reserved 1179648K
  class space    used 7911K, committed 8768K, reserved 1048576K
}
Event: 46624.447 GC heap after
{Heap after GC invocations=876 (full 5):
 PSYoungGen      total 4096K, used 414K [0x00000000d5580000, 0x00000000d5b00000, 0x0000000100000000)
  eden space 3584K, 0% used [0x00000000d5580000,0x00000000d5580000,0x00000000d5900000)
  from space 512K, 80% used [0x00000000d5a80000,0x00000000d5ae7aa8,0x00000000d5b00000)
  to   space 512K, 0% used [0x00000000d5a00000,0x00000000d5a00000,0x00000000d5a80000)
 ParOldGen       total 637952K, used 77172K [0x0000000080000000, 0x00000000a6f00000, 0x00000000d5580000)
  object space 637952K, 12% used [0x0000000080000000,0x0000000084b5d270,0x00000000a6f00000)
 Metaspace       used 78486K, committed 80192K, reserved 1179648K
  class space    used 7911K, committed 8768K, reserved 1048576K
}
Event: 46624.521 GC heap before
{Heap before GC invocations=877 (full 5):
 PSYoungGen      total 4096K, used 3428K [0x00000000d5580000, 0x00000000d5b00000, 0x0000000100000000)
  eden space 3584K, 84% used [0x00000000d5580000,0x00000000d58716e8,0x00000000d5900000)
  from space 512K, 80% used [0x00000000d5a80000,0x00000000d5ae7aa8,0x00000000d5b00000)
  to   space 512K, 0% used [0x00000000d5a00000,0x00000000d5a00000,0x00000000d5a80000)
 ParOldGen       total 637952K, used 77172K [0x0000000080000000, 0x00000000a6f00000, 0x00000000d5580000)
  object space 637952K, 12% used [0x0000000080000000,0x0000000084b5d270,0x00000000a6f00000)
 Metaspace       used 78487K, committed 80192K, reserved 1179648K
  class space    used 7911K, committed 8768K, reserved 1048576K
}
Event: 46624.525 GC heap after
{Heap after GC invocations=877 (full 5):
 PSYoungGen      total 4096K, used 416K [0x00000000d5580000, 0x00000000d5b00000, 0x0000000100000000)
  eden space 3584K, 0% used [0x00000000d5580000,0x00000000d5580000,0x00000000d5900000)
  from space 512K, 81% used [0x00000000d5a00000,0x00000000d5a68060,0x00000000d5a80000)
  to   space 512K, 0% used [0x00000000d5a80000,0x00000000d5a80000,0x00000000d5b00000)
 ParOldGen       total 637952K, used 77427K [0x0000000080000000, 0x00000000a6f00000, 0x00000000d5580000)
  object space 637952K, 12% used [0x0000000080000000,0x0000000084b9cd18,0x00000000a6f00000)
 Metaspace       used 78487K, committed 80192K, reserved 1179648K
  class space    used 7911K, committed 8768K, reserved 1048576K
}
Event: 46624.546 GC heap before
{Heap before GC invocations=878 (full 5):
 PSYoungGen      total 4096K, used 4000K [0x00000000d5580000, 0x00000000d5b00000, 0x0000000100000000)
  eden space 3584K, 100% used [0x00000000d5580000,0x00000000d5900000,0x00000000d5900000)
  from space 512K, 81% used [0x00000000d5a00000,0x00000000d5a68060,0x00000000d5a80000)
  to   space 512K, 0% used [0x00000000d5a80000,0x00000000d5a80000,0x00000000d5b00000)
 ParOldGen       total 637952K, used 77427K [0x0000000080000000, 0x00000000a6f00000, 0x00000000d5580000)
  object space 637952K, 12% used [0x0000000080000000,0x0000000084b9cd18,0x00000000a6f00000)
 Metaspace       used 78487K, committed 80192K, reserved 1179648K
  class space    used 7911K, committed 8768K, reserved 1048576K
}
Event: 46624.555 GC heap after
{Heap after GC invocations=878 (full 5):
 PSYoungGen      total 4096K, used 494K [0x00000000d5580000, 0x00000000d5b00000, 0x0000000100000000)
  eden space 3584K, 0% used [0x00000000d5580000,0x00000000d5580000,0x00000000d5900000)
  from space 512K, 96% used [0x00000000d5a80000,0x00000000d5afb938,0x00000000d5b00000)
  to   space 512K, 0% used [0x00000000d5a00000,0x00000000d5a00000,0x00000000d5a80000)
 ParOldGen       total 637952K, used 80079K [0x0000000080000000, 0x00000000a6f00000, 0x00000000d5580000)
  object space 637952K, 12% used [0x0000000080000000,0x0000000084e33f58,0x00000000a6f00000)
 Metaspace       used 78487K, committed 80192K, reserved 1179648K
  class space    used 7911K, committed 8768K, reserved 1048576K
}

